{
  "stats": {
    "suites": 5,
    "tests": 5,
    "passes": 5,
    "pending": 0,
    "failures": 0,
    "start": "2025-10-19T11:27:14.589Z",
    "end": "2025-10-19T11:27:16.563Z",
    "duration": 1974,
    "testsRegistered": 5,
    "passPercent": 100,
    "pendingPercent": 0,
    "other": 0,
    "hasOther": false,
    "skipped": 0,
    "hasSkipped": false
  },
  "results": [
    {
      "uuid": "ec41ec7f-d2f2-4719-a959-6f5fa75d3a63",
      "title": "",
      "fullFile": "",
      "file": "",
      "beforeHooks": [
        {
          "title": "\"before all\" hook in \"{root}\"",
          "fullTitle": "\"before all\" hook in \"{root}\"",
          "timedOut": false,
          "duration": 1039,
          "state": null,
          "speed": null,
          "pass": false,
          "fail": false,
          "pending": false,
          "context": null,
          "code": "this.timeout(15000); \ntry {\n  console.log(\"Connecting to MongoDB for tests...\");\n  await connectToMongo(); \n  console.log(\"MongoDB connection successful. Starting tests.\");\n} catch (err) {\n  console.error(\"Test setup failed: Could not connect to MongoDB.\", err);\n  throw err;\n}",
          "err": {},
          "uuid": "8925a3af-5667-413d-9e4d-05d53445a14e",
          "parentUUID": "ec41ec7f-d2f2-4719-a959-6f5fa75d3a63",
          "isHook": true,
          "skipped": false
        }
      ],
      "afterHooks": [
        {
          "title": "\"after all\" hook in \"{root}\"",
          "fullTitle": "\"after all\" hook in \"{root}\"",
          "timedOut": false,
          "duration": 38,
          "state": null,
          "speed": null,
          "pass": false,
          "fail": false,
          "pending": false,
          "context": null,
          "code": "if (client) {\n  console.log(\"Closing MongoDB connection.\");\n  await client.close(); \n}",
          "err": {},
          "uuid": "d0567688-3016-48ba-b8c9-5da4b560da00",
          "parentUUID": "ec41ec7f-d2f2-4719-a959-6f5fa75d3a63",
          "isHook": true,
          "skipped": false
        }
      ],
      "tests": [],
      "suites": [
        {
          "uuid": "7ce04286-a07a-461c-9969-9972b80e3a5d",
          "title": "POST /users",
          "fullFile": "C:\\Users\\toms\\Development project  Backend\\test\\api.test.js",
          "file": "\\test\\api.test.js",
          "beforeHooks": [],
          "afterHooks": [],
          "tests": [
            {
              "title": "should create a new user successfully",
              "fullTitle": "POST /users should create a new user successfully",
              "timedOut": false,
              "duration": 411,
              "state": "passed",
              "speed": "slow",
              "pass": true,
              "fail": false,
              "pending": false,
              "context": null,
              "code": "const userData = {\n  data: {\n    NameAndSurname: \"Britney Smith\",\n    Email: `britney${Date.now()}@example.com`, \n    Password: \"password123\",\n    Gender: \"Female\",\n    UserNumber: \"1234567890\"\n  }\n};\nchai.request.execute(app) \n  .post('/users')\n  .send(userData)\n  .end((err, res) => {\n    if (err) {\n      console.error('Request error:', err);\n      done(err);\n      return;\n    }\n    console.log(\"Response body:\", res.body);\n    expect(res).to.have.status(201);\n    expect(res.body).to.have.property('message', 'User created successfully');\n    expect(res.body.user).to.have.property('Email', userData.data.Email);\n    done();\n  });",
              "err": {},
              "uuid": "a64e4e63-40eb-4586-9cdc-e4d060460a5d",
              "parentUUID": "7ce04286-a07a-461c-9969-9972b80e3a5d",
              "isHook": false,
              "skipped": false
            }
          ],
          "suites": [],
          "passes": [
            "a64e4e63-40eb-4586-9cdc-e4d060460a5d"
          ],
          "failures": [],
          "pending": [],
          "skipped": [],
          "duration": 411,
          "root": false,
          "rootEmpty": false,
          "_timeout": 2000
        },
        {
          "uuid": "8aafb495-33eb-436d-9af9-2545b1820459",
          "title": "GET /brands",
          "fullFile": "C:\\Users\\toms\\Development project  Backend\\test\\api.test.js",
          "file": "\\test\\api.test.js",
          "beforeHooks": [],
          "afterHooks": [],
          "tests": [
            {
              "title": "should retrieve a list of brands and return 200 status",
              "fullTitle": "GET /brands should retrieve a list of brands and return 200 status",
              "timedOut": false,
              "duration": 95,
              "state": "passed",
              "speed": "slow",
              "pass": true,
              "fail": false,
              "pending": false,
              "context": null,
              "code": "chai.request.execute(app) \n  .get('/brands') \n  .end((err, res) => {\n    if (err) {\n      console.error('Request error:', err);\n      done(err);\n      return;\n    }\n    console.log(\"Response body:\", res.body);\n    expect(res).to.have.status(200);\n    expect(res.body).to.be.an('array');\n    done();\n      });",
              "err": {},
              "uuid": "886a0768-f0fe-437d-980f-1dc7da57a294",
              "parentUUID": "8aafb495-33eb-436d-9af9-2545b1820459",
              "isHook": false,
              "skipped": false
            }
          ],
          "suites": [],
          "passes": [
            "886a0768-f0fe-437d-980f-1dc7da57a294"
          ],
          "failures": [],
          "pending": [],
          "skipped": [],
          "duration": 95,
          "root": false,
          "rootEmpty": false,
          "_timeout": 2000
        },
        {
          "uuid": "e2fe7ed6-fcb5-4fb1-9609-2b5f2fab212f",
          "title": "GET /parts",
          "fullFile": "C:\\Users\\toms\\Development project  Backend\\test\\api.test.js",
          "file": "\\test\\api.test.js",
          "beforeHooks": [],
          "afterHooks": [],
          "tests": [
            {
              "title": "should retrieve a list of parts and return 200 status",
              "fullTitle": "GET /parts should retrieve a list of parts and return 200 status",
              "timedOut": false,
              "duration": 116,
              "state": "passed",
              "speed": "slow",
              "pass": true,
              "fail": false,
              "pending": false,
              "context": null,
              "code": "chai.request.execute(app) \n  .get('/parts') \n  .end((err, res) => {\n    if (err) {\n      console.error('Request error:', err);\n      done(err);\n      return;\n    }\n    console.log(\"Response body:\", res.body);\n    expect(res).to.have.status(200);\n    expect(res.body).to.be.an('array');\n    done();\n      });",
              "err": {},
              "uuid": "9d473ee4-be7f-45c9-9759-95086e860737",
              "parentUUID": "e2fe7ed6-fcb5-4fb1-9609-2b5f2fab212f",
              "isHook": false,
              "skipped": false
            }
          ],
          "suites": [],
          "passes": [
            "9d473ee4-be7f-45c9-9759-95086e860737"
          ],
          "failures": [],
          "pending": [],
          "skipped": [],
          "duration": 116,
          "root": false,
          "rootEmpty": false,
          "_timeout": 2000
        },
        {
          "uuid": "b4f52139-2b78-4f9f-bdd6-5cc84976b4dd",
          "title": "GET /cart",
          "fullFile": "C:\\Users\\toms\\Development project  Backend\\test\\api.test.js",
          "file": "\\test\\api.test.js",
          "beforeHooks": [],
          "afterHooks": [],
          "tests": [
            {
              "title": "should retrieve a list of items in cart and return 200 status",
              "fullTitle": "GET /cart should retrieve a list of items in cart and return 200 status",
              "timedOut": false,
              "duration": 88,
              "state": "passed",
              "speed": "slow",
              "pass": true,
              "fail": false,
              "pending": false,
              "context": null,
              "code": "chai.request.execute(app) \n  .get('/cart') \n  .end((err, res) => {\n    if (err) {\n      console.error('Request error:', err);\n      done(err);\n      return;\n    }\n    console.log(\"Response body:\", res.body);\n    expect(res).to.have.status(200);\n    expect(res.body).to.be.an('array');\n    done();\n      });",
              "err": {},
              "uuid": "896b783a-baa9-451b-92a1-e722f5bc42b3",
              "parentUUID": "b4f52139-2b78-4f9f-bdd6-5cc84976b4dd",
              "isHook": false,
              "skipped": false
            }
          ],
          "suites": [],
          "passes": [
            "896b783a-baa9-451b-92a1-e722f5bc42b3"
          ],
          "failures": [],
          "pending": [],
          "skipped": [],
          "duration": 88,
          "root": false,
          "rootEmpty": false,
          "_timeout": 2000
        },
        {
          "uuid": "7670a814-220f-4481-8963-7e09b60313d0",
          "title": "GET /orders",
          "fullFile": "C:\\Users\\toms\\Development project  Backend\\test\\api.test.js",
          "file": "\\test\\api.test.js",
          "beforeHooks": [],
          "afterHooks": [],
          "tests": [
            {
              "title": "should retrieve a list of orders and return 200 status",
              "fullTitle": "GET /orders should retrieve a list of orders and return 200 status",
              "timedOut": false,
              "duration": 102,
              "state": "passed",
              "speed": "slow",
              "pass": true,
              "fail": false,
              "pending": false,
              "context": null,
              "code": "chai.request.execute(app) \n  .get('/orders') \n  .end((err, res) => {\n    if (err) {\n      console.error('Request error:', err);\n      done(err);\n      return;\n    }\n    console.log(\"Response body:\", res.body);\n    expect(res).to.have.status(200);\n    expect(res.body).to.be.an('array');\n    done();\n      });",
              "err": {},
              "uuid": "bda491b0-27f3-4215-8704-647722b1c1aa",
              "parentUUID": "7670a814-220f-4481-8963-7e09b60313d0",
              "isHook": false,
              "skipped": false
            }
          ],
          "suites": [],
          "passes": [
            "bda491b0-27f3-4215-8704-647722b1c1aa"
          ],
          "failures": [],
          "pending": [],
          "skipped": [],
          "duration": 102,
          "root": false,
          "rootEmpty": false,
          "_timeout": 2000
        }
      ],
      "passes": [],
      "failures": [],
      "pending": [],
      "skipped": [],
      "duration": 0,
      "root": true,
      "rootEmpty": true,
      "_timeout": 2000
    }
  ],
  "meta": {
    "mocha": {
      "version": "11.7.4"
    },
    "mochawesome": {
      "options": {
        "quiet": false,
        "reportFilename": "mochawesome",
        "saveHtml": true,
        "saveJson": true,
        "consoleReporter": "spec",
        "useInlineDiffs": false,
        "code": true
      },
      "version": "7.1.4"
    },
    "marge": {
      "options": null,
      "version": "6.3.0"
    }
  }
}